Determining if the pthread_create exist failed with the following output:
Change Dir: /home/xgao/Documents/Clion_Projects/CSE_320/hw5/cmake-build-debug/CMakeFiles/CMakeTmp

Run Build Command(s):/usr/bin/make cmTC_d1fa4/fast 
/usr/bin/make -f CMakeFiles/cmTC_d1fa4.dir/build.make CMakeFiles/cmTC_d1fa4.dir/build
make[1]: Entering directory '/home/xgao/Documents/Clion_Projects/CSE_320/hw5/cmake-build-debug/CMakeFiles/CMakeTmp'
Building C object CMakeFiles/cmTC_d1fa4.dir/CheckSymbolExists.c.o
/usr/bin/cc   -Wall -Wextra    -std=gnu11 -o CMakeFiles/cmTC_d1fa4.dir/CheckSymbolExists.c.o   -c /home/xgao/Documents/Clion_Projects/CSE_320/hw5/cmake-build-debug/CMakeFiles/CMakeTmp/CheckSymbolExists.c
Linking C executable cmTC_d1fa4
/home/xgao/bin/clion-2019.2.1/bin/cmake/linux/bin/cmake -E cmake_link_script CMakeFiles/cmTC_d1fa4.dir/link.txt --verbose=1
/usr/bin/cc  -Wall -Wextra     CMakeFiles/cmTC_d1fa4.dir/CheckSymbolExists.c.o  -o cmTC_d1fa4 
CMakeFiles/cmTC_d1fa4.dir/CheckSymbolExists.c.o: In function `main':
CheckSymbolExists.c:(.text+0x1b): undefined reference to `pthread_create'
collect2: error: ld returned 1 exit status
CMakeFiles/cmTC_d1fa4.dir/build.make:86: recipe for target 'cmTC_d1fa4' failed
make[1]: *** [cmTC_d1fa4] Error 1
make[1]: Leaving directory '/home/xgao/Documents/Clion_Projects/CSE_320/hw5/cmake-build-debug/CMakeFiles/CMakeTmp'
Makefile:121: recipe for target 'cmTC_d1fa4/fast' failed
make: *** [cmTC_d1fa4/fast] Error 2

File /home/xgao/Documents/Clion_Projects/CSE_320/hw5/cmake-build-debug/CMakeFiles/CMakeTmp/CheckSymbolExists.c:
/* */
#include <pthread.h>

int main(int argc, char** argv)
{
  (void)argv;
#ifndef pthread_create
  return ((int*)(&pthread_create))[argc];
#else
  (void)argc;
  return 0;
#endif
}

Determining if the function pthread_create exists in the pthreads failed with the following output:
Change Dir: /home/xgao/Documents/Clion_Projects/CSE_320/hw5/cmake-build-debug/CMakeFiles/CMakeTmp

Run Build Command(s):/usr/bin/make cmTC_ea75b/fast 
/usr/bin/make -f CMakeFiles/cmTC_ea75b.dir/build.make CMakeFiles/cmTC_ea75b.dir/build
make[1]: Entering directory '/home/xgao/Documents/Clion_Projects/CSE_320/hw5/cmake-build-debug/CMakeFiles/CMakeTmp'
Building C object CMakeFiles/cmTC_ea75b.dir/CheckFunctionExists.c.o
/usr/bin/cc   -Wall -Wextra -DCHECK_FUNCTION_EXISTS=pthread_create   -std=gnu11 -o CMakeFiles/cmTC_ea75b.dir/CheckFunctionExists.c.o   -c /home/xgao/bin/clion-2019.2.1/bin/cmake/linux/share/cmake-3.14/Modules/CheckFunctionExists.c
Linking C executable cmTC_ea75b
/home/xgao/bin/clion-2019.2.1/bin/cmake/linux/bin/cmake -E cmake_link_script CMakeFiles/cmTC_ea75b.dir/link.txt --verbose=1
/usr/bin/cc  -Wall -Wextra -DCHECK_FUNCTION_EXISTS=pthread_create    CMakeFiles/cmTC_ea75b.dir/CheckFunctionExists.c.o  -o cmTC_ea75b -lpthreads 
/usr/bin/ld: cannot find -lpthreads
collect2: error: ld returned 1 exit status
CMakeFiles/cmTC_ea75b.dir/build.make:86: recipe for target 'cmTC_ea75b' failed
make[1]: *** [cmTC_ea75b] Error 1
make[1]: Leaving directory '/home/xgao/Documents/Clion_Projects/CSE_320/hw5/cmake-build-debug/CMakeFiles/CMakeTmp'
Makefile:121: recipe for target 'cmTC_ea75b/fast' failed
make: *** [cmTC_ea75b/fast] Error 2


